<html>
<head>
<title>TestNG:  Chrome Test</title>
<link href="../testng.css" rel="stylesheet" type="text/css" />
<link href="../my-testng.css" rel="stylesheet" type="text/css" />

<style type="text/css">
.log { display: none;} 
.stack-trace { display: none;} 
</style>
<script type="text/javascript">
<!--
function flip(e) {
  current = e.style.display;
  if (current == 'block') {
    e.style.display = 'none';
    return 0;
  }
  else {
    e.style.display = 'block';
    return 1;
  }
}

function toggleBox(szDivId, elem, msg1, msg2)
{
  var res = -1;  if (document.getElementById) {
    res = flip(document.getElementById(szDivId));
  }
  else if (document.all) {
    // this is the way old msie versions work
    res = flip(document.all[szDivId]);
  }
  if(elem) {
    if(res == 0) elem.innerHTML = msg1; else elem.innerHTML = msg2;
  }

}

function toggleAllBoxes() {
  if (document.getElementsByTagName) {
    d = document.getElementsByTagName('div');
    for (i = 0; i < d.length; i++) {
      if (d[i].className == 'log') {
        flip(d[i]);
      }
    }
  }
}

// -->
</script>

</head>
<body>
<h2 align='center'>Chrome Test</h2><table border='1' align="center">
<tr>
<td>Tests passed/Failed/Skipped:</td><td>25/17/0</td>
</tr><tr>
<td>Started on:</td><td>Fri Mar 17 10:08:36 EDT 2023</td>
</tr>
<tr><td>Total time:</td><td>56 seconds (56891 ms)</td>
</tr><tr>
<td>Included groups:</td><td></td>
</tr><tr>
<td>Excluded groups:</td><td></td>
</tr>
</table><p/>
<small><i>(Hover the method name to see the test class name)</i></small><p/>
<table width='100%' border='1' class='invocation-failed'>
<tr><td colspan='4' align='center'><b>FAILED TESTS</b></td></tr>
<tr><td><b>Test method</b></td>
<td><b>Attribute(s)</b></td>
<td width="30%"><b>Exception</b></td>
<td width="10%"><b>Time (seconds)</b></td>
<td><b>Instance</b></td>
</tr>
<tr>
<td title='com.numpy.Runner.StepDefinitionRunner.runScenario()'><b>runScenario</b><br>Test class: com.numpy.Runner.StepDefinitionRunner<br>Test method: Runs Cucumber Scenarios<br>Parameters: "The user is able to navigate "Implementation in Python" links in Tree page", "User launch dsalgo application and test Tree page"</td>
<td><div><pre>io.cucumber.java.PendingException: TODO: implement me
	at com.numpy.StepDefinitions.SD06_Tree.the_user_should_be_redirected_to_particular_links_in_tree_page(SD06_Tree.java:95)
	at ?.The user should be redirected to particular &quot;Implementation in Python&quot; links in Tree page(file:///C:/Users/Nithya/eclipse-workspace/DS_Algo_Cucumber/src/test/resources/com/numpy/Runner/UC07_Tree.feature:19)
</pre></div><a href='#' onClick='toggleBox("stack-trace1310342490", this, "Click to show all stack frames", "Click to hide stack frames")'>Click to show all stack frames</a>
<div class='stack-trace' id='stack-trace1310342490'><pre>io.cucumber.java.PendingException: TODO: implement me
	at com.numpy.StepDefinitions.SD06_Tree.the_user_should_be_redirected_to_particular_links_in_tree_page(SD06_Tree.java:95)
	at ?.The user should be redirected to particular &quot;Implementation in Python&quot; links in Tree page(file:///C:/Users/Nithya/eclipse-workspace/DS_Algo_Cucumber/src/test/resources/com/numpy/Runner/UC07_Tree.feature:19)
</pre></div></td>
<td>1</td>
<td>com.numpy.Runner.StepDefinitionRunner@1e16c0aa</td></tr>
<tr>
<td title='com.numpy.Runner.StepDefinitionRunner.runScenario()'><b>runScenario</b><br>Test class: com.numpy.Runner.StepDefinitionRunner<br>Test method: Runs Cucumber Scenarios<br>Parameters: "The user is able to navigate "Implementation Of BST" links in Tree page", "User launch dsalgo application and test Tree page"</td>
<td><div><pre>io.cucumber.java.PendingException: TODO: implement me
	at com.numpy.StepDefinitions.SD06_Tree.the_user_should_be_redirected_to_particular_links_in_tree_page(SD06_Tree.java:95)
	at ?.The user should be redirected to particular &quot;Implementation Of BST&quot; links in Tree page(file:///C:/Users/Nithya/eclipse-workspace/DS_Algo_Cucumber/src/test/resources/com/numpy/Runner/UC07_Tree.feature:19)
</pre></div><a href='#' onClick='toggleBox("stack-trace969253125", this, "Click to show all stack frames", "Click to hide stack frames")'>Click to show all stack frames</a>
<div class='stack-trace' id='stack-trace969253125'><pre>io.cucumber.java.PendingException: TODO: implement me
	at com.numpy.StepDefinitions.SD06_Tree.the_user_should_be_redirected_to_particular_links_in_tree_page(SD06_Tree.java:95)
	at ?.The user should be redirected to particular &quot;Implementation Of BST&quot; links in Tree page(file:///C:/Users/Nithya/eclipse-workspace/DS_Algo_Cucumber/src/test/resources/com/numpy/Runner/UC07_Tree.feature:19)
</pre></div></td>
<td>0</td>
<td>com.numpy.Runner.StepDefinitionRunner@1e16c0aa</td></tr>
<tr>
<td title='com.numpy.Runner.StepDefinitionRunner.runScenario()'><b>runScenario</b><br>Test class: com.numpy.Runner.StepDefinitionRunner<br>Test method: Runs Cucumber Scenarios<br>Parameters: "The user is able to navigate "Terminologies" links in Tree page", "User launch dsalgo application and test Tree page"</td>
<td><div><pre>io.cucumber.java.PendingException: TODO: implement me
	at com.numpy.StepDefinitions.SD06_Tree.the_user_should_be_redirected_to_particular_links_in_tree_page(SD06_Tree.java:95)
	at ?.The user should be redirected to particular &quot;Terminologies&quot; links in Tree page(file:///C:/Users/Nithya/eclipse-workspace/DS_Algo_Cucumber/src/test/resources/com/numpy/Runner/UC07_Tree.feature:19)
</pre></div><a href='#' onClick='toggleBox("stack-trace1000630341", this, "Click to show all stack frames", "Click to hide stack frames")'>Click to show all stack frames</a>
<div class='stack-trace' id='stack-trace1000630341'><pre>io.cucumber.java.PendingException: TODO: implement me
	at com.numpy.StepDefinitions.SD06_Tree.the_user_should_be_redirected_to_particular_links_in_tree_page(SD06_Tree.java:95)
	at ?.The user should be redirected to particular &quot;Terminologies&quot; links in Tree page(file:///C:/Users/Nithya/eclipse-workspace/DS_Algo_Cucumber/src/test/resources/com/numpy/Runner/UC07_Tree.feature:19)
</pre></div></td>
<td>1</td>
<td>com.numpy.Runner.StepDefinitionRunner@1e16c0aa</td></tr>
<tr>
<td title='com.numpy.Runner.StepDefinitionRunner.runScenario()'><b>runScenario</b><br>Test class: com.numpy.Runner.StepDefinitionRunner<br>Test method: Runs Cucumber Scenarios<br>Parameters: "The user is able to navigate "Types of Binary Trees" links in Tree page", "User launch dsalgo application and test Tree page"</td>
<td><div><pre>io.cucumber.java.PendingException: TODO: implement me
	at com.numpy.StepDefinitions.SD06_Tree.the_user_should_be_redirected_to_particular_links_in_tree_page(SD06_Tree.java:95)
	at ?.The user should be redirected to particular &quot;Types of Binary Trees&quot; links in Tree page(file:///C:/Users/Nithya/eclipse-workspace/DS_Algo_Cucumber/src/test/resources/com/numpy/Runner/UC07_Tree.feature:19)
</pre></div><a href='#' onClick='toggleBox("stack-trace2066337258", this, "Click to show all stack frames", "Click to hide stack frames")'>Click to show all stack frames</a>
<div class='stack-trace' id='stack-trace2066337258'><pre>io.cucumber.java.PendingException: TODO: implement me
	at com.numpy.StepDefinitions.SD06_Tree.the_user_should_be_redirected_to_particular_links_in_tree_page(SD06_Tree.java:95)
	at ?.The user should be redirected to particular &quot;Types of Binary Trees&quot; links in Tree page(file:///C:/Users/Nithya/eclipse-workspace/DS_Algo_Cucumber/src/test/resources/com/numpy/Runner/UC07_Tree.feature:19)
</pre></div></td>
<td>0</td>
<td>com.numpy.Runner.StepDefinitionRunner@1e16c0aa</td></tr>
<tr>
<td title='com.numpy.Runner.StepDefinitionRunner.runScenario()'><b>runScenario</b><br>Test class: com.numpy.Runner.StepDefinitionRunner<br>Test method: Runs Cucumber Scenarios<br>Parameters: "The user is able to navigate "Overview of Trees" links in Tree page", "User launch dsalgo application and test Tree page"</td>
<td><div><pre>io.cucumber.java.PendingException: TODO: implement me
	at com.numpy.StepDefinitions.SD06_Tree.the_user_should_be_redirected_to_particular_links_in_tree_page(SD06_Tree.java:95)
	at ?.The user should be redirected to particular &quot;Overview of Trees&quot; links in Tree page(file:///C:/Users/Nithya/eclipse-workspace/DS_Algo_Cucumber/src/test/resources/com/numpy/Runner/UC07_Tree.feature:19)
</pre></div><a href='#' onClick='toggleBox("stack-trace1980377966", this, "Click to show all stack frames", "Click to hide stack frames")'>Click to show all stack frames</a>
<div class='stack-trace' id='stack-trace1980377966'><pre>io.cucumber.java.PendingException: TODO: implement me
	at com.numpy.StepDefinitions.SD06_Tree.the_user_should_be_redirected_to_particular_links_in_tree_page(SD06_Tree.java:95)
	at ?.The user should be redirected to particular &quot;Overview of Trees&quot; links in Tree page(file:///C:/Users/Nithya/eclipse-workspace/DS_Algo_Cucumber/src/test/resources/com/numpy/Runner/UC07_Tree.feature:19)
</pre></div></td>
<td>1</td>
<td>com.numpy.Runner.StepDefinitionRunner@1e16c0aa</td></tr>
<tr>
<td title='com.numpy.Runner.StepDefinitionRunner.runScenario()'><b>runScenario</b><br>Test class: com.numpy.Runner.StepDefinitionRunner<br>Test method: Runs Cucumber Scenarios<br>Parameters: "The user is able to navigate "Traversals-Illustration" links in Tree page", "User launch dsalgo application and test Tree page"</td>
<td><div><pre>io.cucumber.java.PendingException: TODO: implement me
	at com.numpy.StepDefinitions.SD06_Tree.the_user_should_be_redirected_to_particular_links_in_tree_page(SD06_Tree.java:95)
	at ?.The user should be redirected to particular &quot;Traversals-Illustration&quot; links in Tree page(file:///C:/Users/Nithya/eclipse-workspace/DS_Algo_Cucumber/src/test/resources/com/numpy/Runner/UC07_Tree.feature:19)
</pre></div><a href='#' onClick='toggleBox("stack-trace2144089925", this, "Click to show all stack frames", "Click to hide stack frames")'>Click to show all stack frames</a>
<div class='stack-trace' id='stack-trace2144089925'><pre>io.cucumber.java.PendingException: TODO: implement me
	at com.numpy.StepDefinitions.SD06_Tree.the_user_should_be_redirected_to_particular_links_in_tree_page(SD06_Tree.java:95)
	at ?.The user should be redirected to particular &quot;Traversals-Illustration&quot; links in Tree page(file:///C:/Users/Nithya/eclipse-workspace/DS_Algo_Cucumber/src/test/resources/com/numpy/Runner/UC07_Tree.feature:19)
</pre></div></td>
<td>1</td>
<td>com.numpy.Runner.StepDefinitionRunner@1e16c0aa</td></tr>
<tr>
<td title='com.numpy.Runner.StepDefinitionRunner.runScenario()'><b>runScenario</b><br>Test class: com.numpy.Runner.StepDefinitionRunner<br>Test method: Runs Cucumber Scenarios<br>Parameters: "The user is able to navigate "Tree Traversals" links in Tree page", "User launch dsalgo application and test Tree page"</td>
<td><div><pre>io.cucumber.java.PendingException: TODO: implement me
	at com.numpy.StepDefinitions.SD06_Tree.the_user_should_be_redirected_to_particular_links_in_tree_page(SD06_Tree.java:95)
	at ?.The user should be redirected to particular &quot;Tree Traversals&quot; links in Tree page(file:///C:/Users/Nithya/eclipse-workspace/DS_Algo_Cucumber/src/test/resources/com/numpy/Runner/UC07_Tree.feature:19)
</pre></div><a href='#' onClick='toggleBox("stack-trace15140522", this, "Click to show all stack frames", "Click to hide stack frames")'>Click to show all stack frames</a>
<div class='stack-trace' id='stack-trace15140522'><pre>io.cucumber.java.PendingException: TODO: implement me
	at com.numpy.StepDefinitions.SD06_Tree.the_user_should_be_redirected_to_particular_links_in_tree_page(SD06_Tree.java:95)
	at ?.The user should be redirected to particular &quot;Tree Traversals&quot; links in Tree page(file:///C:/Users/Nithya/eclipse-workspace/DS_Algo_Cucumber/src/test/resources/com/numpy/Runner/UC07_Tree.feature:19)
</pre></div></td>
<td>1</td>
<td>com.numpy.Runner.StepDefinitionRunner@1e16c0aa</td></tr>
<tr>
<td title='com.numpy.Runner.StepDefinitionRunner.runScenario()'><b>runScenario</b><br>Test class: com.numpy.Runner.StepDefinitionRunner<br>Test method: Runs Cucumber Scenarios<br>Parameters: "The user is able run validInput code in tryEditor for "Graph Representations" in Graph page", "User launch dsalgo application and test Graph page"</td>
<td><div><pre>org.openqa.selenium.ElementNotInteractableException: element not interactable
  (Session info: chrome=111.0.5563.65)
Build info: version: &apos;4.5.0&apos;, revision: &apos;fe167b119a&apos;
System info: os.name: &apos;Windows 10&apos;, os.arch: &apos;amd64&apos;, os.version: &apos;10.0&apos;, java.version: &apos;19.0.2&apos;
Driver info: org.openqa.selenium.chrome.ChromeDriver
Command: [eb312ccda24989d7e7df544be41ca346, sendKeysToElement {id=7c949ec2-c1c3-45d1-b738-a8619e5cf25f, value=[Ljava.lang.CharSequence;@416b1265}]
Capabilities {acceptInsecureCerts: false, browserName: chrome, browserVersion: 111.0.5563.65, chrome: {chromedriverVersion: 111.0.5563.64 (c710e93d5b63..., userDataDir: C:\Users\Nithya\AppData\Loc...}, goog:chromeOptions: {debuggerAddress: localhost:60408}, networkConnectionEnabled: false, pageLoadStrategy: normal, platformName: WINDOWS, proxy: Proxy(), se:cdp: ws://localhost:60408/devtoo..., se:cdpVersion: 111.0.5563.65, setWindowRect: true, strictFileInteractability: false, timeouts: {implicit: 0, pageLoad: 300000, script: 30000}, unhandledPromptBehavior: dismiss and notify, webauthn:extension:credBlob: true, webauthn:extension:largeBlob: true, webauthn:extension:minPinLength: true, webauthn:extension:prf: true, webauthn:virtualAuthenticators: true}
Element: [[ChromeDriver: chrome on WINDOWS (eb312ccda24989d7e7df544be41ca346)] -&gt; xpath: //textarea[@tabindex=&apos;0&apos;]]
Session ID: eb312ccda24989d7e7df544be41ca346
	at org.openqa.selenium.remote.codec.w3c.W3CHttpResponseCodec.createException(W3CHttpResponseCodec.java:200)
	at org.openqa.selenium.remote.codec.w3c.W3CHttpResponseCodec.decode(W3CHttpResponseCodec.java:133)
	at org.openqa.selenium.remote.codec.w3c.W3CHttpResponseCodec.decode(W3CHttpResponseCodec.java:53)
	at org.openqa.selenium.remote.HttpCommandExecutor.execute(HttpCommandExecutor.java:184)
	at org.openqa.selenium.remote.service.DriverCommandExecutor.invokeExecute(DriverCommandExecutor.java:167)
	at org.openqa.selenium.remote.service.DriverCommandExecutor.execute(DriverCommandExecutor.java:142)
	at org.openqa.selenium.remote.RemoteWebDriver.execute(RemoteWebDriver.java:547)
	at org.openqa.selenium.remote.RemoteWebElement.execute(RemoteWebElement.java:257)
	at org.openqa.selenium.remote.RemoteWebElement.sendKeys(RemoteWebElement.java:113)
	at org.openqa.selenium.support.pagefactory.internal.LocatingElementHandler.invoke(LocatingElementHandler.java:52)
	at jdk.proxy2/jdk.proxy2.$Proxy37.sendKeys(Unknown Source)
	at com.numpy.PageObjects.TryHereRunPage.setInput(TryHereRunPage.java:34)
	at com.numpy.StepDefinitions.SD06_Graph.the_user_enter_python_code_with_syntax_in_try_editor_in_from_config_properties_in_graph_page(SD06_Graph.java:169)
	at ?.The user enter python code with &quot;validInput&quot; syntax in tryEditor in &quot;Graph Representations&quot; from config.properties in Graph page(file:///C:/Users/Nithya/eclipse-workspace/DS_Algo_Cucumber/src/test/resources/com/numpy/Runner/UC06_Graph.feature:38)
... Removed 5 stack frames</pre></div><a href='#' onClick='toggleBox("stack-trace14295722", this, "Click to show all stack frames", "Click to hide stack frames")'>Click to show all stack frames</a>
<div class='stack-trace' id='stack-trace14295722'><pre>org.openqa.selenium.ElementNotInteractableException: element not interactable
  (Session info: chrome=111.0.5563.65)
Build info: version: &apos;4.5.0&apos;, revision: &apos;fe167b119a&apos;
System info: os.name: &apos;Windows 10&apos;, os.arch: &apos;amd64&apos;, os.version: &apos;10.0&apos;, java.version: &apos;19.0.2&apos;
Driver info: org.openqa.selenium.chrome.ChromeDriver
Command: [eb312ccda24989d7e7df544be41ca346, sendKeysToElement {id=7c949ec2-c1c3-45d1-b738-a8619e5cf25f, value=[Ljava.lang.CharSequence;@416b1265}]
Capabilities {acceptInsecureCerts: false, browserName: chrome, browserVersion: 111.0.5563.65, chrome: {chromedriverVersion: 111.0.5563.64 (c710e93d5b63..., userDataDir: C:\Users\Nithya\AppData\Loc...}, goog:chromeOptions: {debuggerAddress: localhost:60408}, networkConnectionEnabled: false, pageLoadStrategy: normal, platformName: WINDOWS, proxy: Proxy(), se:cdp: ws://localhost:60408/devtoo..., se:cdpVersion: 111.0.5563.65, setWindowRect: true, strictFileInteractability: false, timeouts: {implicit: 0, pageLoad: 300000, script: 30000}, unhandledPromptBehavior: dismiss and notify, webauthn:extension:credBlob: true, webauthn:extension:largeBlob: true, webauthn:extension:minPinLength: true, webauthn:extension:prf: true, webauthn:virtualAuthenticators: true}
Element: [[ChromeDriver: chrome on WINDOWS (eb312ccda24989d7e7df544be41ca346)] -&gt; xpath: //textarea[@tabindex=&apos;0&apos;]]
Session ID: eb312ccda24989d7e7df544be41ca346
	at java.base/jdk.internal.reflect.DirectConstructorHandleAccessor.newInstance(DirectConstructorHandleAccessor.java:67)
	at java.base/java.lang.reflect.Constructor.newInstanceWithCaller(Constructor.java:500)
	at java.base/java.lang.reflect.Constructor.newInstance(Constructor.java:484)
	at org.openqa.selenium.remote.codec.w3c.W3CHttpResponseCodec.createException(W3CHttpResponseCodec.java:200)
	at org.openqa.selenium.remote.codec.w3c.W3CHttpResponseCodec.decode(W3CHttpResponseCodec.java:133)
	at org.openqa.selenium.remote.codec.w3c.W3CHttpResponseCodec.decode(W3CHttpResponseCodec.java:53)
	at org.openqa.selenium.remote.HttpCommandExecutor.execute(HttpCommandExecutor.java:184)
	at org.openqa.selenium.remote.service.DriverCommandExecutor.invokeExecute(DriverCommandExecutor.java:167)
	at org.openqa.selenium.remote.service.DriverCommandExecutor.execute(DriverCommandExecutor.java:142)
	at org.openqa.selenium.remote.RemoteWebDriver.execute(RemoteWebDriver.java:547)
	at org.openqa.selenium.remote.RemoteWebElement.execute(RemoteWebElement.java:257)
	at org.openqa.selenium.remote.RemoteWebElement.sendKeys(RemoteWebElement.java:113)
	at java.base/jdk.internal.reflect.DirectMethodHandleAccessor.invoke(DirectMethodHandleAccessor.java:104)
	at java.base/java.lang.reflect.Method.invoke(Method.java:578)
	at org.openqa.selenium.support.pagefactory.internal.LocatingElementHandler.invoke(LocatingElementHandler.java:52)
	at jdk.proxy2/jdk.proxy2.$Proxy37.sendKeys(Unknown Source)
	at com.numpy.PageObjects.TryHereRunPage.setInput(TryHereRunPage.java:34)
	at com.numpy.StepDefinitions.SD06_Graph.the_user_enter_python_code_with_syntax_in_try_editor_in_from_config_properties_in_graph_page(SD06_Graph.java:169)
	at ?.The user enter python code with &quot;validInput&quot; syntax in tryEditor in &quot;Graph Representations&quot; from config.properties in Graph page(file:///C:/Users/Nithya/eclipse-workspace/DS_Algo_Cucumber/src/test/resources/com/numpy/Runner/UC06_Graph.feature:38)
</pre></div></td>
<td>1</td>
<td>com.numpy.Runner.StepDefinitionRunner@1e16c0aa</td></tr>
<tr>
<td title='com.numpy.Runner.StepDefinitionRunner.runScenario()'><b>runScenario</b><br>Test class: com.numpy.Runner.StepDefinitionRunner<br>Test method: Runs Cucumber Scenarios<br>Parameters: "The user is able to navigate "Applications of Binary trees" links in Tree page", "User launch dsalgo application and test Tree page"</td>
<td><div><pre>io.cucumber.java.PendingException: TODO: implement me
	at com.numpy.StepDefinitions.SD06_Tree.the_user_should_be_redirected_to_particular_links_in_tree_page(SD06_Tree.java:95)
	at ?.The user should be redirected to particular &quot;Applications of Binary trees&quot; links in Tree page(file:///C:/Users/Nithya/eclipse-workspace/DS_Algo_Cucumber/src/test/resources/com/numpy/Runner/UC07_Tree.feature:19)
</pre></div><a href='#' onClick='toggleBox("stack-trace1590075830", this, "Click to show all stack frames", "Click to hide stack frames")'>Click to show all stack frames</a>
<div class='stack-trace' id='stack-trace1590075830'><pre>io.cucumber.java.PendingException: TODO: implement me
	at com.numpy.StepDefinitions.SD06_Tree.the_user_should_be_redirected_to_particular_links_in_tree_page(SD06_Tree.java:95)
	at ?.The user should be redirected to particular &quot;Applications of Binary trees&quot; links in Tree page(file:///C:/Users/Nithya/eclipse-workspace/DS_Algo_Cucumber/src/test/resources/com/numpy/Runner/UC07_Tree.feature:19)
</pre></div></td>
<td>1</td>
<td>com.numpy.Runner.StepDefinitionRunner@1e16c0aa</td></tr>
<tr>
<td title='com.numpy.Runner.StepDefinitionRunner.runScenario()'><b>runScenario</b><br>Test class: com.numpy.Runner.StepDefinitionRunner<br>Test method: Runs Cucumber Scenarios<br>Parameters: "The user is able to navigate "Binary Search Trees" links in Tree page", "User launch dsalgo application and test Tree page"</td>
<td><div><pre>io.cucumber.java.PendingException: TODO: implement me
	at com.numpy.StepDefinitions.SD06_Tree.the_user_should_be_redirected_to_particular_links_in_tree_page(SD06_Tree.java:95)
	at ?.The user should be redirected to particular &quot;Binary Search Trees&quot; links in Tree page(file:///C:/Users/Nithya/eclipse-workspace/DS_Algo_Cucumber/src/test/resources/com/numpy/Runner/UC07_Tree.feature:19)
</pre></div><a href='#' onClick='toggleBox("stack-trace1821462977", this, "Click to show all stack frames", "Click to hide stack frames")'>Click to show all stack frames</a>
<div class='stack-trace' id='stack-trace1821462977'><pre>io.cucumber.java.PendingException: TODO: implement me
	at com.numpy.StepDefinitions.SD06_Tree.the_user_should_be_redirected_to_particular_links_in_tree_page(SD06_Tree.java:95)
	at ?.The user should be redirected to particular &quot;Binary Search Trees&quot; links in Tree page(file:///C:/Users/Nithya/eclipse-workspace/DS_Algo_Cucumber/src/test/resources/com/numpy/Runner/UC07_Tree.feature:19)
</pre></div></td>
<td>1</td>
<td>com.numpy.Runner.StepDefinitionRunner@1e16c0aa</td></tr>
<tr>
<td title='com.numpy.Runner.StepDefinitionRunner.runScenario()'><b>runScenario</b><br>Test class: com.numpy.Runner.StepDefinitionRunner<br>Test method: Runs Cucumber Scenarios<br>Parameters: "The user is able to navigate "Binary trees" links in Tree page", "User launch dsalgo application and test Tree page"</td>
<td><div><pre>io.cucumber.java.PendingException: TODO: implement me
	at com.numpy.StepDefinitions.SD06_Tree.the_user_should_be_redirected_to_particular_links_in_tree_page(SD06_Tree.java:95)
	at ?.The user should be redirected to particular &quot;Binary trees&quot; links in Tree page(file:///C:/Users/Nithya/eclipse-workspace/DS_Algo_Cucumber/src/test/resources/com/numpy/Runner/UC07_Tree.feature:19)
</pre></div><a href='#' onClick='toggleBox("stack-trace92262027", this, "Click to show all stack frames", "Click to hide stack frames")'>Click to show all stack frames</a>
<div class='stack-trace' id='stack-trace92262027'><pre>io.cucumber.java.PendingException: TODO: implement me
	at com.numpy.StepDefinitions.SD06_Tree.the_user_should_be_redirected_to_particular_links_in_tree_page(SD06_Tree.java:95)
	at ?.The user should be redirected to particular &quot;Binary trees&quot; links in Tree page(file:///C:/Users/Nithya/eclipse-workspace/DS_Algo_Cucumber/src/test/resources/com/numpy/Runner/UC07_Tree.feature:19)
</pre></div></td>
<td>1</td>
<td>com.numpy.Runner.StepDefinitionRunner@1e16c0aa</td></tr>
<tr>
<td title='com.numpy.Runner.StepDefinitionRunner.runScenario()'><b>runScenario</b><br>Test class: com.numpy.Runner.StepDefinitionRunner<br>Test method: Runs Cucumber Scenarios<br>Parameters: "The user is able to navigate "Types of Trees" links in Tree page", "User launch dsalgo application and test Tree page"</td>
<td><div><pre>io.cucumber.java.PendingException: TODO: implement me
	at com.numpy.StepDefinitions.SD06_Tree.the_user_should_be_redirected_to_particular_links_in_tree_page(SD06_Tree.java:95)
	at ?.The user should be redirected to particular &quot;Types of Trees&quot; links in Tree page(file:///C:/Users/Nithya/eclipse-workspace/DS_Algo_Cucumber/src/test/resources/com/numpy/Runner/UC07_Tree.feature:19)
</pre></div><a href='#' onClick='toggleBox("stack-trace192973557", this, "Click to show all stack frames", "Click to hide stack frames")'>Click to show all stack frames</a>
<div class='stack-trace' id='stack-trace192973557'><pre>io.cucumber.java.PendingException: TODO: implement me
	at com.numpy.StepDefinitions.SD06_Tree.the_user_should_be_redirected_to_particular_links_in_tree_page(SD06_Tree.java:95)
	at ?.The user should be redirected to particular &quot;Types of Trees&quot; links in Tree page(file:///C:/Users/Nithya/eclipse-workspace/DS_Algo_Cucumber/src/test/resources/com/numpy/Runner/UC07_Tree.feature:19)
</pre></div></td>
<td>1</td>
<td>com.numpy.Runner.StepDefinitionRunner@1e16c0aa</td></tr>
<tr>
<td title='com.numpy.Runner.StepDefinitionRunner.runScenario()'><b>runScenario</b><br>Test class: com.numpy.Runner.StepDefinitionRunner<br>Test method: Runs Cucumber Scenarios<br>Parameters: "The user is able to navigate "Implementation of Binary Trees" links in Tree page", "User launch dsalgo application and test Tree page"</td>
<td><div><pre>io.cucumber.java.PendingException: TODO: implement me
	at com.numpy.StepDefinitions.SD06_Tree.the_user_should_be_redirected_to_particular_links_in_tree_page(SD06_Tree.java:95)
	at ?.The user should be redirected to particular &quot;Implementation of Binary Trees&quot; links in Tree page(file:///C:/Users/Nithya/eclipse-workspace/DS_Algo_Cucumber/src/test/resources/com/numpy/Runner/UC07_Tree.feature:19)
</pre></div><a href='#' onClick='toggleBox("stack-trace1341785997", this, "Click to show all stack frames", "Click to hide stack frames")'>Click to show all stack frames</a>
<div class='stack-trace' id='stack-trace1341785997'><pre>io.cucumber.java.PendingException: TODO: implement me
	at com.numpy.StepDefinitions.SD06_Tree.the_user_should_be_redirected_to_particular_links_in_tree_page(SD06_Tree.java:95)
	at ?.The user should be redirected to particular &quot;Implementation of Binary Trees&quot; links in Tree page(file:///C:/Users/Nithya/eclipse-workspace/DS_Algo_Cucumber/src/test/resources/com/numpy/Runner/UC07_Tree.feature:19)
</pre></div></td>
<td>1</td>
<td>com.numpy.Runner.StepDefinitionRunner@1e16c0aa</td></tr>
<tr>
<td title='com.numpy.Runner.StepDefinitionRunner.runScenario()'><b>runScenario</b><br>Test class: com.numpy.Runner.StepDefinitionRunner<br>Test method: Runs Cucumber Scenarios<br>Parameters: "The user is able to navigate "Binary Tree Traversals" links in Tree page", "User launch dsalgo application and test Tree page"</td>
<td><div><pre>io.cucumber.java.PendingException: TODO: implement me
	at com.numpy.StepDefinitions.SD06_Tree.the_user_should_be_redirected_to_particular_links_in_tree_page(SD06_Tree.java:95)
	at ?.The user should be redirected to particular &quot;Binary Tree Traversals&quot; links in Tree page(file:///C:/Users/Nithya/eclipse-workspace/DS_Algo_Cucumber/src/test/resources/com/numpy/Runner/UC07_Tree.feature:19)
</pre></div><a href='#' onClick='toggleBox("stack-trace1135930380", this, "Click to show all stack frames", "Click to hide stack frames")'>Click to show all stack frames</a>
<div class='stack-trace' id='stack-trace1135930380'><pre>io.cucumber.java.PendingException: TODO: implement me
	at com.numpy.StepDefinitions.SD06_Tree.the_user_should_be_redirected_to_particular_links_in_tree_page(SD06_Tree.java:95)
	at ?.The user should be redirected to particular &quot;Binary Tree Traversals&quot; links in Tree page(file:///C:/Users/Nithya/eclipse-workspace/DS_Algo_Cucumber/src/test/resources/com/numpy/Runner/UC07_Tree.feature:19)
</pre></div></td>
<td>1</td>
<td>com.numpy.Runner.StepDefinitionRunner@1e16c0aa</td></tr>
<tr>
<td title='com.numpy.Runner.StepDefinitionRunner.runScenario()'><b>runScenario</b><br>Test class: com.numpy.Runner.StepDefinitionRunner<br>Test method: Runs Cucumber Scenarios<br>Parameters: "The user is able run validInput code in tryEditor for "Graph" in Graph page", "User launch dsalgo application and test Graph page"</td>
<td><div><pre>org.openqa.selenium.ElementNotInteractableException: element not interactable
  (Session info: chrome=111.0.5563.65)
Build info: version: &apos;4.5.0&apos;, revision: &apos;fe167b119a&apos;
System info: os.name: &apos;Windows 10&apos;, os.arch: &apos;amd64&apos;, os.version: &apos;10.0&apos;, java.version: &apos;19.0.2&apos;
Driver info: org.openqa.selenium.chrome.ChromeDriver
Command: [eb312ccda24989d7e7df544be41ca346, sendKeysToElement {id=ae237184-3e44-45f0-84f8-d25c20066a42, value=[Ljava.lang.CharSequence;@a357c3e}]
Capabilities {acceptInsecureCerts: false, browserName: chrome, browserVersion: 111.0.5563.65, chrome: {chromedriverVersion: 111.0.5563.64 (c710e93d5b63..., userDataDir: C:\Users\Nithya\AppData\Loc...}, goog:chromeOptions: {debuggerAddress: localhost:60408}, networkConnectionEnabled: false, pageLoadStrategy: normal, platformName: WINDOWS, proxy: Proxy(), se:cdp: ws://localhost:60408/devtoo..., se:cdpVersion: 111.0.5563.65, setWindowRect: true, strictFileInteractability: false, timeouts: {implicit: 0, pageLoad: 300000, script: 30000}, unhandledPromptBehavior: dismiss and notify, webauthn:extension:credBlob: true, webauthn:extension:largeBlob: true, webauthn:extension:minPinLength: true, webauthn:extension:prf: true, webauthn:virtualAuthenticators: true}
Element: [[ChromeDriver: chrome on WINDOWS (eb312ccda24989d7e7df544be41ca346)] -&gt; xpath: //textarea[@tabindex=&apos;0&apos;]]
Session ID: eb312ccda24989d7e7df544be41ca346
	at org.openqa.selenium.remote.codec.w3c.W3CHttpResponseCodec.createException(W3CHttpResponseCodec.java:200)
	at org.openqa.selenium.remote.codec.w3c.W3CHttpResponseCodec.decode(W3CHttpResponseCodec.java:133)
	at org.openqa.selenium.remote.codec.w3c.W3CHttpResponseCodec.decode(W3CHttpResponseCodec.java:53)
	at org.openqa.selenium.remote.HttpCommandExecutor.execute(HttpCommandExecutor.java:184)
	at org.openqa.selenium.remote.service.DriverCommandExecutor.invokeExecute(DriverCommandExecutor.java:167)
	at org.openqa.selenium.remote.service.DriverCommandExecutor.execute(DriverCommandExecutor.java:142)
	at org.openqa.selenium.remote.RemoteWebDriver.execute(RemoteWebDriver.java:547)
	at org.openqa.selenium.remote.RemoteWebElement.execute(RemoteWebElement.java:257)
	at org.openqa.selenium.remote.RemoteWebElement.sendKeys(RemoteWebElement.java:113)
	at org.openqa.selenium.support.pagefactory.internal.LocatingElementHandler.invoke(LocatingElementHandler.java:52)
	at jdk.proxy2/jdk.proxy2.$Proxy37.sendKeys(Unknown Source)
	at com.numpy.PageObjects.TryHereRunPage.setInput(TryHereRunPage.java:34)
	at com.numpy.StepDefinitions.SD06_Graph.the_user_enter_python_code_with_syntax_in_try_editor_in_from_config_properties_in_graph_page(SD06_Graph.java:169)
	at ?.The user enter python code with &quot;validInput&quot; syntax in tryEditor in &quot;Graph&quot; from config.properties in Graph page(file:///C:/Users/Nithya/eclipse-workspace/DS_Algo_Cucumber/src/test/resources/com/numpy/Runner/UC06_Graph.feature:38)
... Removed 5 stack frames</pre></div><a href='#' onClick='toggleBox("stack-trace120847080", this, "Click to show all stack frames", "Click to hide stack frames")'>Click to show all stack frames</a>
<div class='stack-trace' id='stack-trace120847080'><pre>org.openqa.selenium.ElementNotInteractableException: element not interactable
  (Session info: chrome=111.0.5563.65)
Build info: version: &apos;4.5.0&apos;, revision: &apos;fe167b119a&apos;
System info: os.name: &apos;Windows 10&apos;, os.arch: &apos;amd64&apos;, os.version: &apos;10.0&apos;, java.version: &apos;19.0.2&apos;
Driver info: org.openqa.selenium.chrome.ChromeDriver
Command: [eb312ccda24989d7e7df544be41ca346, sendKeysToElement {id=ae237184-3e44-45f0-84f8-d25c20066a42, value=[Ljava.lang.CharSequence;@a357c3e}]
Capabilities {acceptInsecureCerts: false, browserName: chrome, browserVersion: 111.0.5563.65, chrome: {chromedriverVersion: 111.0.5563.64 (c710e93d5b63..., userDataDir: C:\Users\Nithya\AppData\Loc...}, goog:chromeOptions: {debuggerAddress: localhost:60408}, networkConnectionEnabled: false, pageLoadStrategy: normal, platformName: WINDOWS, proxy: Proxy(), se:cdp: ws://localhost:60408/devtoo..., se:cdpVersion: 111.0.5563.65, setWindowRect: true, strictFileInteractability: false, timeouts: {implicit: 0, pageLoad: 300000, script: 30000}, unhandledPromptBehavior: dismiss and notify, webauthn:extension:credBlob: true, webauthn:extension:largeBlob: true, webauthn:extension:minPinLength: true, webauthn:extension:prf: true, webauthn:virtualAuthenticators: true}
Element: [[ChromeDriver: chrome on WINDOWS (eb312ccda24989d7e7df544be41ca346)] -&gt; xpath: //textarea[@tabindex=&apos;0&apos;]]
Session ID: eb312ccda24989d7e7df544be41ca346
	at java.base/jdk.internal.reflect.DirectConstructorHandleAccessor.newInstance(DirectConstructorHandleAccessor.java:67)
	at java.base/java.lang.reflect.Constructor.newInstanceWithCaller(Constructor.java:500)
	at java.base/java.lang.reflect.Constructor.newInstance(Constructor.java:484)
	at org.openqa.selenium.remote.codec.w3c.W3CHttpResponseCodec.createException(W3CHttpResponseCodec.java:200)
	at org.openqa.selenium.remote.codec.w3c.W3CHttpResponseCodec.decode(W3CHttpResponseCodec.java:133)
	at org.openqa.selenium.remote.codec.w3c.W3CHttpResponseCodec.decode(W3CHttpResponseCodec.java:53)
	at org.openqa.selenium.remote.HttpCommandExecutor.execute(HttpCommandExecutor.java:184)
	at org.openqa.selenium.remote.service.DriverCommandExecutor.invokeExecute(DriverCommandExecutor.java:167)
	at org.openqa.selenium.remote.service.DriverCommandExecutor.execute(DriverCommandExecutor.java:142)
	at org.openqa.selenium.remote.RemoteWebDriver.execute(RemoteWebDriver.java:547)
	at org.openqa.selenium.remote.RemoteWebElement.execute(RemoteWebElement.java:257)
	at org.openqa.selenium.remote.RemoteWebElement.sendKeys(RemoteWebElement.java:113)
	at java.base/jdk.internal.reflect.DirectMethodHandleAccessor.invoke(DirectMethodHandleAccessor.java:104)
	at java.base/java.lang.reflect.Method.invoke(Method.java:578)
	at org.openqa.selenium.support.pagefactory.internal.LocatingElementHandler.invoke(LocatingElementHandler.java:52)
	at jdk.proxy2/jdk.proxy2.$Proxy37.sendKeys(Unknown Source)
	at com.numpy.PageObjects.TryHereRunPage.setInput(TryHereRunPage.java:34)
	at com.numpy.StepDefinitions.SD06_Graph.the_user_enter_python_code_with_syntax_in_try_editor_in_from_config_properties_in_graph_page(SD06_Graph.java:169)
	at ?.The user enter python code with &quot;validInput&quot; syntax in tryEditor in &quot;Graph&quot; from config.properties in Graph page(file:///C:/Users/Nithya/eclipse-workspace/DS_Algo_Cucumber/src/test/resources/com/numpy/Runner/UC06_Graph.feature:38)
</pre></div></td>
<td>1</td>
<td>com.numpy.Runner.StepDefinitionRunner@1e16c0aa</td></tr>
<tr>
<td title='com.numpy.Runner.StepDefinitionRunner.runScenario()'><b>runScenario</b><br>Test class: com.numpy.Runner.StepDefinitionRunner<br>Test method: Runs Cucumber Scenarios<br>Parameters: "The user is able run validInput code in tryEditor for "Graph" in Graph page", "User launch dsalgo application and test Graph page"</td>
<td><div><pre>org.openqa.selenium.ElementNotInteractableException: element not interactable
  (Session info: chrome=111.0.5563.65)
Build info: version: &apos;4.5.0&apos;, revision: &apos;fe167b119a&apos;
System info: os.name: &apos;Windows 10&apos;, os.arch: &apos;amd64&apos;, os.version: &apos;10.0&apos;, java.version: &apos;19.0.2&apos;
Driver info: org.openqa.selenium.chrome.ChromeDriver
Command: [eb312ccda24989d7e7df544be41ca346, sendKeysToElement {id=e12e48c4-33be-4d4d-bd87-a9e6610bd2e6, value=[Ljava.lang.CharSequence;@685e6a68}]
Capabilities {acceptInsecureCerts: false, browserName: chrome, browserVersion: 111.0.5563.65, chrome: {chromedriverVersion: 111.0.5563.64 (c710e93d5b63..., userDataDir: C:\Users\Nithya\AppData\Loc...}, goog:chromeOptions: {debuggerAddress: localhost:60408}, networkConnectionEnabled: false, pageLoadStrategy: normal, platformName: WINDOWS, proxy: Proxy(), se:cdp: ws://localhost:60408/devtoo..., se:cdpVersion: 111.0.5563.65, setWindowRect: true, strictFileInteractability: false, timeouts: {implicit: 0, pageLoad: 300000, script: 30000}, unhandledPromptBehavior: dismiss and notify, webauthn:extension:credBlob: true, webauthn:extension:largeBlob: true, webauthn:extension:minPinLength: true, webauthn:extension:prf: true, webauthn:virtualAuthenticators: true}
Element: [[ChromeDriver: chrome on WINDOWS (eb312ccda24989d7e7df544be41ca346)] -&gt; xpath: //textarea[@tabindex=&apos;0&apos;]]
Session ID: eb312ccda24989d7e7df544be41ca346
	at org.openqa.selenium.remote.codec.w3c.W3CHttpResponseCodec.createException(W3CHttpResponseCodec.java:200)
	at org.openqa.selenium.remote.codec.w3c.W3CHttpResponseCodec.decode(W3CHttpResponseCodec.java:133)
	at org.openqa.selenium.remote.codec.w3c.W3CHttpResponseCodec.decode(W3CHttpResponseCodec.java:53)
	at org.openqa.selenium.remote.HttpCommandExecutor.execute(HttpCommandExecutor.java:184)
	at org.openqa.selenium.remote.service.DriverCommandExecutor.invokeExecute(DriverCommandExecutor.java:167)
	at org.openqa.selenium.remote.service.DriverCommandExecutor.execute(DriverCommandExecutor.java:142)
	at org.openqa.selenium.remote.RemoteWebDriver.execute(RemoteWebDriver.java:547)
	at org.openqa.selenium.remote.RemoteWebElement.execute(RemoteWebElement.java:257)
	at org.openqa.selenium.remote.RemoteWebElement.sendKeys(RemoteWebElement.java:113)
	at org.openqa.selenium.support.pagefactory.internal.LocatingElementHandler.invoke(LocatingElementHandler.java:52)
	at jdk.proxy2/jdk.proxy2.$Proxy37.sendKeys(Unknown Source)
	at com.numpy.PageObjects.TryHereRunPage.setInput(TryHereRunPage.java:34)
	at com.numpy.StepDefinitions.SD06_Graph.the_user_enter_python_code_with_syntax_in_try_editor_in_from_config_properties_in_graph_page(SD06_Graph.java:169)
	at ?.The user enter python code with &quot;invalidInput&quot; syntax in tryEditor in &quot;Graph&quot; from config.properties in Graph page(file:///C:/Users/Nithya/eclipse-workspace/DS_Algo_Cucumber/src/test/resources/com/numpy/Runner/UC06_Graph.feature:48)
... Removed 5 stack frames</pre></div><a href='#' onClick='toggleBox("stack-trace1317903286", this, "Click to show all stack frames", "Click to hide stack frames")'>Click to show all stack frames</a>
<div class='stack-trace' id='stack-trace1317903286'><pre>org.openqa.selenium.ElementNotInteractableException: element not interactable
  (Session info: chrome=111.0.5563.65)
Build info: version: &apos;4.5.0&apos;, revision: &apos;fe167b119a&apos;
System info: os.name: &apos;Windows 10&apos;, os.arch: &apos;amd64&apos;, os.version: &apos;10.0&apos;, java.version: &apos;19.0.2&apos;
Driver info: org.openqa.selenium.chrome.ChromeDriver
Command: [eb312ccda24989d7e7df544be41ca346, sendKeysToElement {id=e12e48c4-33be-4d4d-bd87-a9e6610bd2e6, value=[Ljava.lang.CharSequence;@685e6a68}]
Capabilities {acceptInsecureCerts: false, browserName: chrome, browserVersion: 111.0.5563.65, chrome: {chromedriverVersion: 111.0.5563.64 (c710e93d5b63..., userDataDir: C:\Users\Nithya\AppData\Loc...}, goog:chromeOptions: {debuggerAddress: localhost:60408}, networkConnectionEnabled: false, pageLoadStrategy: normal, platformName: WINDOWS, proxy: Proxy(), se:cdp: ws://localhost:60408/devtoo..., se:cdpVersion: 111.0.5563.65, setWindowRect: true, strictFileInteractability: false, timeouts: {implicit: 0, pageLoad: 300000, script: 30000}, unhandledPromptBehavior: dismiss and notify, webauthn:extension:credBlob: true, webauthn:extension:largeBlob: true, webauthn:extension:minPinLength: true, webauthn:extension:prf: true, webauthn:virtualAuthenticators: true}
Element: [[ChromeDriver: chrome on WINDOWS (eb312ccda24989d7e7df544be41ca346)] -&gt; xpath: //textarea[@tabindex=&apos;0&apos;]]
Session ID: eb312ccda24989d7e7df544be41ca346
	at java.base/jdk.internal.reflect.DirectConstructorHandleAccessor.newInstance(DirectConstructorHandleAccessor.java:67)
	at java.base/java.lang.reflect.Constructor.newInstanceWithCaller(Constructor.java:500)
	at java.base/java.lang.reflect.Constructor.newInstance(Constructor.java:484)
	at org.openqa.selenium.remote.codec.w3c.W3CHttpResponseCodec.createException(W3CHttpResponseCodec.java:200)
	at org.openqa.selenium.remote.codec.w3c.W3CHttpResponseCodec.decode(W3CHttpResponseCodec.java:133)
	at org.openqa.selenium.remote.codec.w3c.W3CHttpResponseCodec.decode(W3CHttpResponseCodec.java:53)
	at org.openqa.selenium.remote.HttpCommandExecutor.execute(HttpCommandExecutor.java:184)
	at org.openqa.selenium.remote.service.DriverCommandExecutor.invokeExecute(DriverCommandExecutor.java:167)
	at org.openqa.selenium.remote.service.DriverCommandExecutor.execute(DriverCommandExecutor.java:142)
	at org.openqa.selenium.remote.RemoteWebDriver.execute(RemoteWebDriver.java:547)
	at org.openqa.selenium.remote.RemoteWebElement.execute(RemoteWebElement.java:257)
	at org.openqa.selenium.remote.RemoteWebElement.sendKeys(RemoteWebElement.java:113)
	at java.base/jdk.internal.reflect.DirectMethodHandleAccessor.invoke(DirectMethodHandleAccessor.java:104)
	at java.base/java.lang.reflect.Method.invoke(Method.java:578)
	at org.openqa.selenium.support.pagefactory.internal.LocatingElementHandler.invoke(LocatingElementHandler.java:52)
	at jdk.proxy2/jdk.proxy2.$Proxy37.sendKeys(Unknown Source)
	at com.numpy.PageObjects.TryHereRunPage.setInput(TryHereRunPage.java:34)
	at com.numpy.StepDefinitions.SD06_Graph.the_user_enter_python_code_with_syntax_in_try_editor_in_from_config_properties_in_graph_page(SD06_Graph.java:169)
	at ?.The user enter python code with &quot;invalidInput&quot; syntax in tryEditor in &quot;Graph&quot; from config.properties in Graph page(file:///C:/Users/Nithya/eclipse-workspace/DS_Algo_Cucumber/src/test/resources/com/numpy/Runner/UC06_Graph.feature:48)
</pre></div></td>
<td>1</td>
<td>com.numpy.Runner.StepDefinitionRunner@1e16c0aa</td></tr>
<tr>
<td title='com.numpy.Runner.StepDefinitionRunner.runScenario()'><b>runScenario</b><br>Test class: com.numpy.Runner.StepDefinitionRunner<br>Test method: Runs Cucumber Scenarios<br>Parameters: "The user is able run validInput code in tryEditor for "Graph Representations" in Graph page", "User launch dsalgo application and test Graph page"</td>
<td><div><pre>org.openqa.selenium.ElementNotInteractableException: element not interactable
  (Session info: chrome=111.0.5563.65)
Build info: version: &apos;4.5.0&apos;, revision: &apos;fe167b119a&apos;
System info: os.name: &apos;Windows 10&apos;, os.arch: &apos;amd64&apos;, os.version: &apos;10.0&apos;, java.version: &apos;19.0.2&apos;
Driver info: org.openqa.selenium.chrome.ChromeDriver
Command: [eb312ccda24989d7e7df544be41ca346, sendKeysToElement {id=4b024e13-bc95-4e2b-821d-c01551e0d4b8, value=[Ljava.lang.CharSequence;@312f3050}]
Capabilities {acceptInsecureCerts: false, browserName: chrome, browserVersion: 111.0.5563.65, chrome: {chromedriverVersion: 111.0.5563.64 (c710e93d5b63..., userDataDir: C:\Users\Nithya\AppData\Loc...}, goog:chromeOptions: {debuggerAddress: localhost:60408}, networkConnectionEnabled: false, pageLoadStrategy: normal, platformName: WINDOWS, proxy: Proxy(), se:cdp: ws://localhost:60408/devtoo..., se:cdpVersion: 111.0.5563.65, setWindowRect: true, strictFileInteractability: false, timeouts: {implicit: 0, pageLoad: 300000, script: 30000}, unhandledPromptBehavior: dismiss and notify, webauthn:extension:credBlob: true, webauthn:extension:largeBlob: true, webauthn:extension:minPinLength: true, webauthn:extension:prf: true, webauthn:virtualAuthenticators: true}
Element: [[ChromeDriver: chrome on WINDOWS (eb312ccda24989d7e7df544be41ca346)] -&gt; xpath: //textarea[@tabindex=&apos;0&apos;]]
Session ID: eb312ccda24989d7e7df544be41ca346
	at org.openqa.selenium.remote.codec.w3c.W3CHttpResponseCodec.createException(W3CHttpResponseCodec.java:200)
	at org.openqa.selenium.remote.codec.w3c.W3CHttpResponseCodec.decode(W3CHttpResponseCodec.java:133)
	at org.openqa.selenium.remote.codec.w3c.W3CHttpResponseCodec.decode(W3CHttpResponseCodec.java:53)
	at org.openqa.selenium.remote.HttpCommandExecutor.execute(HttpCommandExecutor.java:184)
	at org.openqa.selenium.remote.service.DriverCommandExecutor.invokeExecute(DriverCommandExecutor.java:167)
	at org.openqa.selenium.remote.service.DriverCommandExecutor.execute(DriverCommandExecutor.java:142)
	at org.openqa.selenium.remote.RemoteWebDriver.execute(RemoteWebDriver.java:547)
	at org.openqa.selenium.remote.RemoteWebElement.execute(RemoteWebElement.java:257)
	at org.openqa.selenium.remote.RemoteWebElement.sendKeys(RemoteWebElement.java:113)
	at org.openqa.selenium.support.pagefactory.internal.LocatingElementHandler.invoke(LocatingElementHandler.java:52)
	at jdk.proxy2/jdk.proxy2.$Proxy37.sendKeys(Unknown Source)
	at com.numpy.PageObjects.TryHereRunPage.setInput(TryHereRunPage.java:34)
	at com.numpy.StepDefinitions.SD06_Graph.the_user_enter_python_code_with_syntax_in_try_editor_in_from_config_properties_in_graph_page(SD06_Graph.java:169)
	at ?.The user enter python code with &quot;invalidInput&quot; syntax in tryEditor in &quot;Graph Representations&quot; from config.properties in Graph page(file:///C:/Users/Nithya/eclipse-workspace/DS_Algo_Cucumber/src/test/resources/com/numpy/Runner/UC06_Graph.feature:48)
... Removed 5 stack frames</pre></div><a href='#' onClick='toggleBox("stack-trace1384476665", this, "Click to show all stack frames", "Click to hide stack frames")'>Click to show all stack frames</a>
<div class='stack-trace' id='stack-trace1384476665'><pre>org.openqa.selenium.ElementNotInteractableException: element not interactable
  (Session info: chrome=111.0.5563.65)
Build info: version: &apos;4.5.0&apos;, revision: &apos;fe167b119a&apos;
System info: os.name: &apos;Windows 10&apos;, os.arch: &apos;amd64&apos;, os.version: &apos;10.0&apos;, java.version: &apos;19.0.2&apos;
Driver info: org.openqa.selenium.chrome.ChromeDriver
Command: [eb312ccda24989d7e7df544be41ca346, sendKeysToElement {id=4b024e13-bc95-4e2b-821d-c01551e0d4b8, value=[Ljava.lang.CharSequence;@312f3050}]
Capabilities {acceptInsecureCerts: false, browserName: chrome, browserVersion: 111.0.5563.65, chrome: {chromedriverVersion: 111.0.5563.64 (c710e93d5b63..., userDataDir: C:\Users\Nithya\AppData\Loc...}, goog:chromeOptions: {debuggerAddress: localhost:60408}, networkConnectionEnabled: false, pageLoadStrategy: normal, platformName: WINDOWS, proxy: Proxy(), se:cdp: ws://localhost:60408/devtoo..., se:cdpVersion: 111.0.5563.65, setWindowRect: true, strictFileInteractability: false, timeouts: {implicit: 0, pageLoad: 300000, script: 30000}, unhandledPromptBehavior: dismiss and notify, webauthn:extension:credBlob: true, webauthn:extension:largeBlob: true, webauthn:extension:minPinLength: true, webauthn:extension:prf: true, webauthn:virtualAuthenticators: true}
Element: [[ChromeDriver: chrome on WINDOWS (eb312ccda24989d7e7df544be41ca346)] -&gt; xpath: //textarea[@tabindex=&apos;0&apos;]]
Session ID: eb312ccda24989d7e7df544be41ca346
	at java.base/jdk.internal.reflect.DirectConstructorHandleAccessor.newInstance(DirectConstructorHandleAccessor.java:67)
	at java.base/java.lang.reflect.Constructor.newInstanceWithCaller(Constructor.java:500)
	at java.base/java.lang.reflect.Constructor.newInstance(Constructor.java:484)
	at org.openqa.selenium.remote.codec.w3c.W3CHttpResponseCodec.createException(W3CHttpResponseCodec.java:200)
	at org.openqa.selenium.remote.codec.w3c.W3CHttpResponseCodec.decode(W3CHttpResponseCodec.java:133)
	at org.openqa.selenium.remote.codec.w3c.W3CHttpResponseCodec.decode(W3CHttpResponseCodec.java:53)
	at org.openqa.selenium.remote.HttpCommandExecutor.execute(HttpCommandExecutor.java:184)
	at org.openqa.selenium.remote.service.DriverCommandExecutor.invokeExecute(DriverCommandExecutor.java:167)
	at org.openqa.selenium.remote.service.DriverCommandExecutor.execute(DriverCommandExecutor.java:142)
	at org.openqa.selenium.remote.RemoteWebDriver.execute(RemoteWebDriver.java:547)
	at org.openqa.selenium.remote.RemoteWebElement.execute(RemoteWebElement.java:257)
	at org.openqa.selenium.remote.RemoteWebElement.sendKeys(RemoteWebElement.java:113)
	at java.base/jdk.internal.reflect.DirectMethodHandleAccessor.invoke(DirectMethodHandleAccessor.java:104)
	at java.base/java.lang.reflect.Method.invoke(Method.java:578)
	at org.openqa.selenium.support.pagefactory.internal.LocatingElementHandler.invoke(LocatingElementHandler.java:52)
	at jdk.proxy2/jdk.proxy2.$Proxy37.sendKeys(Unknown Source)
	at com.numpy.PageObjects.TryHereRunPage.setInput(TryHereRunPage.java:34)
	at com.numpy.StepDefinitions.SD06_Graph.the_user_enter_python_code_with_syntax_in_try_editor_in_from_config_properties_in_graph_page(SD06_Graph.java:169)
	at ?.The user enter python code with &quot;invalidInput&quot; syntax in tryEditor in &quot;Graph Representations&quot; from config.properties in Graph page(file:///C:/Users/Nithya/eclipse-workspace/DS_Algo_Cucumber/src/test/resources/com/numpy/Runner/UC06_Graph.feature:48)
</pre></div></td>
<td>1</td>
<td>com.numpy.Runner.StepDefinitionRunner@1e16c0aa</td></tr>
</table><p>
<table width='100%' border='1' class='invocation-passed'>
<tr><td colspan='4' align='center'><b>PASSED TESTS</b></td></tr>
<tr><td><b>Test method</b></td>
<td><b>Attribute(s)</b></td>
<td width="30%"><b>Exception</b></td>
<td width="10%"><b>Time (seconds)</b></td>
<td><b>Instance</b></td>
</tr>
<tr>
<td title='com.numpy.Runner.StepDefinitionRunner.runScenario()'><b>runScenario</b><br>Test class: com.numpy.Runner.StepDefinitionRunner<br>Test method: Runs Cucumber Scenarios<br>Parameters: "The user is able run validInput code in tryEditor for Time Complexity page", "User launch dsalgo application and test Data Structure introduction page"</td>
<td></td>
<td>1</td>
<td>com.numpy.Runner.StepDefinitionRunner@1e16c0aa</td></tr>
<tr>
<td title='com.numpy.Runner.StepDefinitionRunner.runScenario()'><b>runScenario</b><br>Test class: com.numpy.Runner.StepDefinitionRunner<br>Test method: Runs Cucumber Scenarios<br>Parameters: "User is on Home page and click getstarted link "Queue" on home page without sign in", "Test HomePage"</td>
<td></td>
<td>0</td>
<td>com.numpy.Runner.StepDefinitionRunner@1e16c0aa</td></tr>
<tr>
<td title='com.numpy.Runner.StepDefinitionRunner.runScenario()'><b>runScenario</b><br>Test class: com.numpy.Runner.StepDefinitionRunner<br>Test method: Runs Cucumber Scenarios<br>Parameters: "User is on homepage and click Register", "Test HomePage"</td>
<td></td>
<td>0</td>
<td>com.numpy.Runner.StepDefinitionRunner@1e16c0aa</td></tr>
<tr>
<td title='com.numpy.Runner.StepDefinitionRunner.runScenario()'><b>runScenario</b><br>Test class: com.numpy.Runner.StepDefinitionRunner<br>Test method: Runs Cucumber Scenarios<br>Parameters: "User is on Home page and click getstarted link "Datastructures" on home page without sign in", "Test HomePage"</td>
<td></td>
<td>0</td>
<td>com.numpy.Runner.StepDefinitionRunner@1e16c0aa</td></tr>
<tr>
<td title='com.numpy.Runner.StepDefinitionRunner.runScenario()'><b>runScenario</b><br>Test class: com.numpy.Runner.StepDefinitionRunner<br>Test method: Runs Cucumber Scenarios<br>Parameters: "The user is able to navigate "Graph" links in Graph page", "User launch dsalgo application and test Graph page"</td>
<td></td>
<td>0</td>
<td>com.numpy.Runner.StepDefinitionRunner@1e16c0aa</td></tr>
<tr>
<td title='com.numpy.Runner.StepDefinitionRunner.runScenario()'><b>runScenario</b><br>Test class: com.numpy.Runner.StepDefinitionRunner<br>Test method: Runs Cucumber Scenarios<br>Parameters: "User is on Home page and click getstarted link "Stack" on home page without sign in", "Test HomePage"</td>
<td></td>
<td>0</td>
<td>com.numpy.Runner.StepDefinitionRunner@1e16c0aa</td></tr>
<tr>
<td title='com.numpy.Runner.StepDefinitionRunner.runScenario()'><b>runScenario</b><br>Test class: com.numpy.Runner.StepDefinitionRunner<br>Test method: Runs Cucumber Scenarios<br>Parameters: "The user is able to navigate to Graph page", "User launch dsalgo application and test Graph page"</td>
<td></td>
<td>0</td>
<td>com.numpy.Runner.StepDefinitionRunner@1e16c0aa</td></tr>
<tr>
<td title='com.numpy.Runner.StepDefinitionRunner.runScenario()'><b>runScenario</b><br>Test class: com.numpy.Runner.StepDefinitionRunner<br>Test method: Runs Cucumber Scenarios<br>Parameters: "User launch dsalgo application and test Home page", "GetStarted"</td>
<td></td>
<td>2</td>
<td>com.numpy.Runner.StepDefinitionRunner@1e16c0aa</td></tr>
<tr>
<td title='com.numpy.Runner.StepDefinitionRunner.runScenario()'><b>runScenario</b><br>Test class: com.numpy.Runner.StepDefinitionRunner<br>Test method: Runs Cucumber Scenarios<br>Parameters: "The user is able run validInput code in tryEditor for Time Complexity page", "User launch dsalgo application and test Data Structure introduction page"</td>
<td></td>
<td>1</td>
<td>com.numpy.Runner.StepDefinitionRunner@1e16c0aa</td></tr>
<tr>
<td title='com.numpy.Runner.StepDefinitionRunner.runScenario()'><b>runScenario</b><br>Test class: com.numpy.Runner.StepDefinitionRunner<br>Test method: Runs Cucumber Scenarios<br>Parameters: "The user is able to navigate to Time Complexity page", "User launch dsalgo application and test Data Structure introduction page"</td>
<td></td>
<td>1</td>
<td>com.numpy.Runner.StepDefinitionRunner@1e16c0aa</td></tr>
<tr>
<td title='com.numpy.Runner.StepDefinitionRunner.runScenario()'><b>runScenario</b><br>Test class: com.numpy.Runner.StepDefinitionRunner<br>Test method: Runs Cucumber Scenarios<br>Parameters: "The user is able to navigate to a page having an tryEditor from Time Complexity page", "User launch dsalgo application and test Data Structure introduction page"</td>
<td></td>
<td>2</td>
<td>com.numpy.Runner.StepDefinitionRunner@1e16c0aa</td></tr>
<tr>
<td title='com.numpy.Runner.StepDefinitionRunner.runScenario()'><b>runScenario</b><br>Test class: com.numpy.Runner.StepDefinitionRunner<br>Test method: Runs Cucumber Scenarios<br>Parameters: "The user is able to navigate "Graph Representations" links in Graph page", "User launch dsalgo application and test Graph page"</td>
<td></td>
<td>0</td>
<td>com.numpy.Runner.StepDefinitionRunner@1e16c0aa</td></tr>
<tr>
<td title='com.numpy.Runner.StepDefinitionRunner.runScenario()'><b>runScenario</b><br>Test class: com.numpy.Runner.StepDefinitionRunner<br>Test method: Runs Cucumber Scenarios<br>Parameters: "User is on homepage and click Sign in", "Test HomePage"</td>
<td></td>
<td>0</td>
<td>com.numpy.Runner.StepDefinitionRunner@1e16c0aa</td></tr>
<tr>
<td title='com.numpy.Runner.StepDefinitionRunner.runScenario()'><b>runScenario</b><br>Test class: com.numpy.Runner.StepDefinitionRunner<br>Test method: Runs Cucumber Scenarios<br>Parameters: "The user is able to navigate to Data Structure introduction page", "User launch dsalgo application and test Data Structure introduction page"</td>
<td></td>
<td>2</td>
<td>com.numpy.Runner.StepDefinitionRunner@1e16c0aa</td></tr>
<tr>
<td title='com.numpy.Runner.StepDefinitionRunner.runScenario()'><b>runScenario</b><br>Test class: com.numpy.Runner.StepDefinitionRunner<br>Test method: Runs Cucumber Scenarios<br>Parameters: "User on Sign in page and sign in with invalid inputs from config.properties", "Validating Sign in page"</td>
<td></td>
<td>0</td>
<td>com.numpy.Runner.StepDefinitionRunner@1e16c0aa</td></tr>
<tr>
<td title='com.numpy.Runner.StepDefinitionRunner.runScenario()'><b>runScenario</b><br>Test class: com.numpy.Runner.StepDefinitionRunner<br>Test method: Runs Cucumber Scenarios<br>Parameters: "Verifying Signin link", "Test HomePage"</td>
<td></td>
<td>0</td>
<td>com.numpy.Runner.StepDefinitionRunner@1e16c0aa</td></tr>
<tr>
<td title='com.numpy.Runner.StepDefinitionRunner.runScenario()'><b>runScenario</b><br>Test class: com.numpy.Runner.StepDefinitionRunner<br>Test method: Runs Cucumber Scenarios<br>Parameters: "User on Sign in page and sign in with valid inputs from config.properties", "Validating Sign in page"</td>
<td></td>
<td>1</td>
<td>com.numpy.Runner.StepDefinitionRunner@1e16c0aa</td></tr>
<tr>
<td title='com.numpy.Runner.StepDefinitionRunner.runScenario()'><b>runScenario</b><br>Test class: com.numpy.Runner.StepDefinitionRunner<br>Test method: Runs Cucumber Scenarios<br>Parameters: "User is on Home page and click getstarted link "Arrays" on home page without sign in", "Test HomePage"</td>
<td></td>
<td>0</td>
<td>com.numpy.Runner.StepDefinitionRunner@1e16c0aa</td></tr>
<tr>
<td title='com.numpy.Runner.StepDefinitionRunner.runScenario()'><b>runScenario</b><br>Test class: com.numpy.Runner.StepDefinitionRunner<br>Test method: Runs Cucumber Scenarios<br>Parameters: "Verifying Signout link", "Validating Sign in page"</td>
<td></td>
<td>0</td>
<td>com.numpy.Runner.StepDefinitionRunner@1e16c0aa</td></tr>
<tr>
<td title='com.numpy.Runner.StepDefinitionRunner.runScenario()'><b>runScenario</b><br>Test class: com.numpy.Runner.StepDefinitionRunner<br>Test method: Runs Cucumber Scenarios<br>Parameters: "The user is able to navigate to a page having a tryHere from "Graph" links in Graph page", "User launch dsalgo application and test Graph page"</td>
<td></td>
<td>1</td>
<td>com.numpy.Runner.StepDefinitionRunner@1e16c0aa</td></tr>
<tr>
<td title='com.numpy.Runner.StepDefinitionRunner.runScenario()'><b>runScenario</b><br>Test class: com.numpy.Runner.StepDefinitionRunner<br>Test method: Runs Cucumber Scenarios<br>Parameters: "User is on Home page and click getstarted link "Linkedlist" on home page without sign in", "Test HomePage"</td>
<td></td>
<td>0</td>
<td>com.numpy.Runner.StepDefinitionRunner@1e16c0aa</td></tr>
<tr>
<td title='com.numpy.Runner.StepDefinitionRunner.runScenario()'><b>runScenario</b><br>Test class: com.numpy.Runner.StepDefinitionRunner<br>Test method: Runs Cucumber Scenarios<br>Parameters: "The user is able to navigate to a page having a tryHere from "Graph Representations" links in Graph page", "User launch dsalgo application and test Graph page"</td>
<td></td>
<td>2</td>
<td>com.numpy.Runner.StepDefinitionRunner@1e16c0aa</td></tr>
<tr>
<td title='com.numpy.Runner.StepDefinitionRunner.runScenario()'><b>runScenario</b><br>Test class: com.numpy.Runner.StepDefinitionRunner<br>Test method: Runs Cucumber Scenarios<br>Parameters: "User is on Home page and click getstarted link "Graph" on home page without sign in", "Test HomePage"</td>
<td></td>
<td>0</td>
<td>com.numpy.Runner.StepDefinitionRunner@1e16c0aa</td></tr>
<tr>
<td title='com.numpy.Runner.StepDefinitionRunner.runScenario()'><b>runScenario</b><br>Test class: com.numpy.Runner.StepDefinitionRunner<br>Test method: Runs Cucumber Scenarios<br>Parameters: "User is on Home page and click getstarted link "Tree" on home page without sign in", "Test HomePage"</td>
<td></td>
<td>0</td>
<td>com.numpy.Runner.StepDefinitionRunner@1e16c0aa</td></tr>
<tr>
<td title='com.numpy.Runner.StepDefinitionRunner.runScenario()'><b>runScenario</b><br>Test class: com.numpy.Runner.StepDefinitionRunner<br>Test method: Runs Cucumber Scenarios<br>Parameters: "The user is able to navigate to Tree page", "User launch dsalgo application and test Tree page"</td>
<td></td>
<td>1</td>
<td>com.numpy.Runner.StepDefinitionRunner@1e16c0aa</td></tr>
</table><p>
</body>
</html>